<?xml version="1.0" encoding="UTF-8"?>
<!-- Generated by org.testng.reporters.JUnitReportReporter -->
<testsuite hostname="LAPTOP-BPS2AHJ8" failures="0" tests="1" name="serialization.SerializationAssignment2" time="0.199" errors="0" timestamp="2023-01-27T13:35:11 IST" skipped="0">
  <testcase classname="serialization.SerializationAssignment2" name="Assignment2Test" time="0.199"/>
  <system-out/>
</testsuite> <!-- serialization.SerializationAssignment2 -->
