<?xml version="1.0" encoding="UTF-8"?>
<!-- Generated by org.testng.reporters.JUnitReportReporter -->
<testsuite hostname="LAPTOP-BPS2AHJ8" failures="0" tests="1" name="Assignments.Assign3" time="3.285" errors="0" timestamp="2023-01-26T15:20:01 IST" skipped="0">
  <testcase classname="Assignments.Assign3" name="get" time="3.285"/>
  <system-out/>
</testsuite> <!-- Assignments.Assign3 -->
