<?xml version="1.0" encoding="UTF-8"?>
<!-- Generated by org.testng.reporters.JUnitReportReporter -->
<testsuite hostname="LAPTOP-BPS2AHJ8" failures="0" tests="1" name="deserialization.DeserializationAssinment2" time="0.192" errors="0" timestamp="2023-01-27T17:56:45 IST" skipped="0">
  <testcase classname="deserialization.DeserializationAssinment2" name="deserializationmethod" time="0.192"/>
  <system-out/>
</testsuite> <!-- deserialization.DeserializationAssinment2 -->
