<?xml version="1.0" encoding="UTF-8"?>
<!-- Generated by org.testng.reporters.JUnitReportReporter -->
<testsuite hostname="LAPTOP-BPS2AHJ8" failures="0" tests="1" name="serialization.DeserializationKotakPojo" time="0.197" errors="0" timestamp="2023-01-19T12:33:25 IST" skipped="0">
  <testcase classname="serialization.DeserializationKotakPojo" name="KotakPojoClsTest" time="0.197"/>
  <system-out/>
</testsuite> <!-- serialization.DeserializationKotakPojo -->
