<?xml version="1.0" encoding="UTF-8"?>
<!-- Generated by org.testng.reporters.JUnitReportReporter -->
<testsuite hostname="LAPTOP-BPS2AHJ8" failures="0" tests="1" name="deserialization.P1" time="0.006" errors="0" timestamp="2023-01-18T18:51:12 IST" skipped="0">
  <testcase classname="deserialization.P1" name="test" time="0.006"/>
  <system-out/>
</testsuite> <!-- deserialization.P1 -->
