<?xml version="1.0" encoding="UTF-8"?>
<!-- Generated by org.testng.reporters.JUnitReportReporter -->
<testsuite hostname="LAPTOP-BPS2AHJ8" failures="0" tests="1" name="serialization.SerializationKotakPojo" time="0.321" errors="0" timestamp="2023-01-19T16:28:19 IST" skipped="0">
  <testcase classname="serialization.SerializationKotakPojo" name="KotakPojoClsTest" time="0.321"/>
  <system-out/>
</testsuite> <!-- serialization.SerializationKotakPojo -->
